<?xml version="1.0" encoding="UTF-8"?>
<!-- Generated by org.testng.reporters.JUnitReportReporter -->
<testsuite skipped="0" hostname="Inside-PC" name="com.crm.qa.testcases.HomePageTest" tests="1" failures="0" timestamp="20 Nov 2019 10:43:41 GMT" time="64.544" errors="0">
  <testcase name="clickOnProjectsTest" time="64.544" classname="com.crm.qa.testcases.HomePageTest"/>
</testsuite> <!-- com.crm.qa.testcases.HomePageTest -->
