<?xml version="1.0" encoding="UTF-8"?>
<!-- Generated by org.testng.reporters.JUnitReportReporter -->
<testsuite skipped="0" hostname="Inside-PC" name="com.crm.qa.testcases.ProjectsPageTest" tests="1" failures="0" timestamp="20 Nov 2019 12:24:53 GMT" time="119.169" errors="0">
  <testcase name="addNewProjectTest" time="119.169" classname="com.crm.qa.testcases.ProjectsPageTest"/>
</testsuite> <!-- com.crm.qa.testcases.ProjectsPageTest -->
