<?xml version="1.0" encoding="UTF-8"?>
<!-- Generated by org.testng.reporters.JUnitReportReporter -->
<testsuite skipped="0" hostname="Inside-PC" name="com.crm.qa.testcases.LoginPageTest" tests="2" failures="0" timestamp="13 Nov 2019 20:29:12 GMT" time="36.757" errors="0">
  <testcase name="loginPageTilteTest" time="15.306" classname="com.crm.qa.testcases.LoginPageTest"/>
  <testcase name="loginTest" time="21.451" classname="com.crm.qa.testcases.LoginPageTest"/>
</testsuite> <!-- com.crm.qa.testcases.LoginPageTest -->
